<?xml version="1.0" encoding="UTF-8"?>
<!-- Generated by org.testng.reporters.JUnitReportReporter -->
<testsuite hostname="Amma" failures="0" tests="1" name="runner.RunnerIO" time="81.309" errors="0" timestamp="2023-04-18T21:52:44 IST" skipped="0">
  <testcase classname="runner.RunnerIO" name="runScenario" time="81.309"/>
  <system-out/>
</testsuite> <!-- runner.RunnerIO -->
